<?xml version="1.0" encoding="UTF-8"?>
<!-- Generated by org.testng.reporters.JUnitXMLReporter -->
<testsuite hostname="DESKTOP-G0LMI9C" ignored="0" name="Test" tests="6" failures="0" timestamp="2021-07-09T16:58:18 IST" time="0.159" errors="0">
  <testcase name="Api" time="0.021" classname="qaclickacedemy.Mavenjava.RestApiTest"/>
  <testcase name="Rest" time="0.003" classname="qaclickacedemy.Mavenjava.RestApiTest"/>
  <testcase name="BrowserAutomation" time="0.001" classname="qaclickacedemy.Mavenjava.SeleniumTest"/>
  <testcase name="BrowserAutomation1" time="0.0" classname="qaclickacedemy.Mavenjava.SeleniumTest"/>
  <testcase name="Appium" time="0.001" classname="qaclickacedemy.Mavenjava.AppiumTest"/>
  <testcase name="test" time="0.0" classname="qaclickacedemy.Mavenjava.AppiumTest"/>
</testsuite> <!-- Test -->
