<?xml version="1.0" encoding="UTF-8"?>
<testng-results skipped="0" failed="0" ignored="0" total="6" passed="6">
  <reporter-output>
  </reporter-output>
  <suite name="Suite" duration-ms="159" started-at="2021-07-09T16:58:18 IST" finished-at="2021-07-09T16:58:18 IST">
    <groups>
    </groups>
    <test name="Test" duration-ms="159" started-at="2021-07-09T16:58:18 IST" finished-at="2021-07-09T16:58:18 IST">
      <class name="qaclickacedemy.Mavenjava.AppiumTest">
        <test-method status="PASS" signature="Appium()[pri:0, instance:qaclickacedemy.Mavenjava.AppiumTest@1f554b06]" name="Appium" duration-ms="1" started-at="2021-07-09T16:58:18 IST" finished-at="2021-07-09T16:58:18 IST">
          <reporter-output>
          </reporter-output>
        </test-method> <!-- Appium -->
        <test-method status="PASS" signature="test()[pri:0, instance:qaclickacedemy.Mavenjava.AppiumTest@1f554b06]" name="test" duration-ms="0" started-at="2021-07-09T16:58:18 IST" finished-at="2021-07-09T16:58:18 IST">
          <reporter-output>
          </reporter-output>
        </test-method> <!-- test -->
      </class> <!-- qaclickacedemy.Mavenjava.AppiumTest -->
      <class name="qaclickacedemy.Mavenjava.SeleniumTest">
        <test-method status="PASS" signature="BrowserAutomation()[pri:0, instance:qaclickacedemy.Mavenjava.SeleniumTest@614ddd49]" name="BrowserAutomation" duration-ms="1" started-at="2021-07-09T16:58:18 IST" finished-at="2021-07-09T16:58:18 IST">
          <reporter-output>
          </reporter-output>
        </test-method> <!-- BrowserAutomation -->
        <test-method status="PASS" signature="BrowserAutomation1()[pri:0, instance:qaclickacedemy.Mavenjava.SeleniumTest@614ddd49]" name="BrowserAutomation1" duration-ms="0" started-at="2021-07-09T16:58:18 IST" finished-at="2021-07-09T16:58:18 IST">
          <reporter-output>
          </reporter-output>
        </test-method> <!-- BrowserAutomation1 -->
      </class> <!-- qaclickacedemy.Mavenjava.SeleniumTest -->
      <class name="qaclickacedemy.Mavenjava.RestApiTest">
        <test-method status="PASS" signature="Api()[pri:0, instance:qaclickacedemy.Mavenjava.RestApiTest@76707e36]" name="Api" duration-ms="21" started-at="2021-07-09T16:58:18 IST" finished-at="2021-07-09T16:58:18 IST">
          <reporter-output>
          </reporter-output>
        </test-method> <!-- Api -->
        <test-method status="PASS" signature="Rest()[pri:0, instance:qaclickacedemy.Mavenjava.RestApiTest@76707e36]" name="Rest" duration-ms="3" started-at="2021-07-09T16:58:18 IST" finished-at="2021-07-09T16:58:18 IST">
          <reporter-output>
          </reporter-output>
        </test-method> <!-- Rest -->
      </class> <!-- qaclickacedemy.Mavenjava.RestApiTest -->
    </test> <!-- Test -->
  </suite> <!-- Suite -->
</testng-results>
