<?xml version="1.0" encoding="UTF-8"?>
<testng-results skipped="0" failed="0" ignored="0" total="1" passed="1">
  <reporter-output>
  </reporter-output>
  <suite name="Default suite" duration-ms="38893" started-at="2021-07-02T19:41:00Z" finished-at="2021-07-02T19:41:39Z">
    <groups>
    </groups>
    <test name="Default test" duration-ms="38893" started-at="2021-07-02T19:41:00Z" finished-at="2021-07-02T19:41:39Z">
      <class name="qaclickacedemy.Mavenjava.Extentreport">
        <test-method status="PASS" signature="config()[pri:0, instance:qaclickacedemy.Mavenjava.Extentreport@59ec2012]" name="config" is-config="true" duration-ms="595" started-at="2021-07-02T19:41:00Z" finished-at="2021-07-02T19:41:01Z">
          <reporter-output>
          </reporter-output>
        </test-method> <!-- config -->
        <test-method status="PASS" signature="testdemo()[pri:0, instance:qaclickacedemy.Mavenjava.Extentreport@59ec2012]" name="testdemo" duration-ms="38245" started-at="2021-07-02T19:41:01Z" finished-at="2021-07-02T19:41:39Z">
          <reporter-output>
          </reporter-output>
        </test-method> <!-- testdemo -->
      </class> <!-- qaclickacedemy.Mavenjava.Extentreport -->
    </test> <!-- Default test -->
  </suite> <!-- Default suite -->
</testng-results>
